<?xml version="1.0" encoding="UTF-8"?>
<!-- Generated by org.testng.reporters.JUnitReportReporter -->
<testsuite skipped="0" hostname="DESKTOP-JVKO9K1" name="Test01_GET" tests="1" failures="0" timestamp="10 Feb 2022 17:27:51 GMT" time="2.526" errors="0">
  <testcase name="Test_01" time="2.526" classname="Test01_GET"/>
</testsuite> <!-- Test01_GET -->
