<?xml version="1.0" encoding="UTF-8"?>
<!-- Generated by org.testng.reporters.JUnitReportReporter -->
<testsuite skipped="0" hostname="DESKTOP-JVKO9K1" name="Examples" tests="1" failures="0" timestamp="6 Sep 2021 14:32:13 GMT" time="3.375" errors="0">
  <testcase name="test_delete" time="3.375" classname="Examples"/>
</testsuite> <!-- Examples -->
