<?xml version="1.0" encoding="UTF-8"?>
<!-- Generated by org.testng.reporters.JUnitReportReporter -->
<testsuite skipped="0" hostname="DESKTOP-JVKO9K1" name="Test_Post" tests="1" failures="0" timestamp="2 Sep 2021 14:25:48 GMT" time="5.631" errors="0">
  <testcase name="test_4_Delete" time="5.631" classname="Test_Post"/>
</testsuite> <!-- Test_Post -->
