<?xml version="1.0" encoding="UTF-8"?>
<!-- Generated by org.testng.reporters.JUnitReportReporter -->
<testsuite skipped="0" hostname="DESKTOP-JVKO9K1" name="Test02_GET" tests="1" failures="0" timestamp="10 Feb 2022 17:31:41 GMT" time="3.374" errors="0">
  <testcase name="test_02" time="3.374" classname="Test02_GET"/>
</testsuite> <!-- Test02_GET -->
